android360/proguard/seeds.txt
com.crazyamber.ttlus360.MainActivity
com.crazyamber.ttlus360.MainActivity: MainActivity()
com.crazyamber.ttlus360.R$attr
com.crazyamber.ttlus360.R$drawable
com.crazyamber.ttlus360.R$drawable: int icon
com.crazyamber.ttlus360.R$string
com.crazyamber.ttlus360.R$string: int app_name
...
com.adsmogo.model.obj.Update
com.adsmogo.model.obj.Update: int versionCode
com.adsmogo.model.obj.Update: java.lang.String packageName
com.adsmogo.model.obj.Update: java.lang.String appName
com.adsmogo.model.obj.Update: java.lang.String version
com.adsmogo.model.obj.Update: java.lang.String date
com.adsmogo.model.obj.Update: java.lang.String description
com.adsmogo.model.obj.Update: java.lang.String download_url
com.adsmogo.model.obj.Update: Update()
com.adsmogo.model.obj.WeiQian
com.adsmogo.model.obj.WeiQian: java.lang.String type
com.adsmogo.model.obj.WeiQian: java.lang.String headline
com.adsmogo.model.obj.WeiQian: java.lang.String body
com.adsmogo.model.obj.WeiQian: java.lang.String clickUrl
com.adsmogo.model.obj.WeiQian: java.lang.String url
com.adsmogo.model.obj.WeiQian: java.lang.String beaconsViewUrl
com.adsmogo.model.obj.WeiQian: java.lang.String beaconsClickUrl
com.adsmogo.model.obj.WeiQian: WeiQian()
com.adsmogo.model.obj.WeiQian: java.lang.String getType()
com.adsmogo.model.obj.WeiQian: void setType(java.lang.String)
com.adsmogo.model.obj.WeiQian: java.lang.String getHeadline()
com.adsmogo.model.obj.WeiQian: void setHeadline(java.lang.String)
com.adsmogo.model.obj.WeiQian: java.lang.String getBody()
com.adsmogo.model.obj.WeiQian: void setBody(java.lang.String)
com.adsmogo.model.obj.WeiQian: java.lang.String getClickUrl()
com.adsmogo.model.obj.WeiQian: void setClickUrl(java.lang.String)
com.adsmogo.model.obj.WeiQian: java.lang.String getUrl()
com.adsmogo.model.obj.WeiQian: void setUrl(java.lang.String)
com.adsmogo.model.obj.WeiQian: java.lang.String getBeaconsViewUrl()
com.adsmogo.model.obj.WeiQian: void setBeaconsViewUrl(java.lang.String)
com.adsmogo.model.obj.WeiQian: java.lang.String getBeaconsClickUrl()
com.adsmogo.model.obj.WeiQian: void setBeaconsClickUrl(java.lang.String)
com.adsmogo.model.obj.WinsAD
com.adsmogo.model.obj.WinsAD: java.lang.String adid
com.adsmogo.model.obj.WinsAD: java.lang.String appkey
com.adsmogo.model.obj.WinsAD: java.lang.String pushString
com.adsmogo.model.obj.WinsAD: java.lang.String imageLink
com.adsmogo.model.obj.WinsAD: int clickType
com.adsmogo.model.obj.WinsAD: int refreshTime
com.adsmogo.model.obj.WinsAD: int width
com.adsmogo.model.obj.WinsAD: int height
com.adsmogo.model.obj.WinsAD: android.graphics.drawable.Drawable image
com.adsmogo.model.obj.WinsAD: int showType
com.adsmogo.model.obj.WinsAD: java.util.List typeValue
com.adsmogo.model.obj.WinsAD: java.lang.String url
com.adsmogo.model.obj.WinsAD: WinsAD()
com.adsmogo.util.AdsMogoNetworkState
com.adsmogo.util.AdsMogoNetworkState: java.lang.String[] kPingServerDomains
com.adsmogo.util.AdsMogoNetworkState: java.util.concurrent.ScheduledExecutorService scheduler
com.adsmogo.util.AdsMogoNetworkState: java.util.ArrayList runnableList
com.adsmogo.util.AdsMogoNetworkState: void <clinit>()
com.adsmogo.util.AdsMogoNetworkState: AdsMogoNetworkState()
com.adsmogo.util.AdsMogoNetworkState: boolean pingHost(java.lang.String)
com.adsmogo.util.AdsMogoNetworkState: void startPing(com.adsmogo.util.AdsMogoNetworkState$PingStateDelegate)
com.adsmogo.util.AdsMogoNetworkState: void stopAllNetworkRunnable()
com.adsmogo.util.AdsMogoNetworkState: boolean access$0(com.adsmogo.util.AdsMogoNetworkState,java.lang.String)
com.adsmogo.util.AdsMogoNetworkState$PingStateDelegate
com.adsmogo.util.AdsMogoNetworkState$PingStateDelegate: void pingSuccess()