android360/proguard/mapping.txt
com.crazyamber.ttlus360.ADAdapter -> com.crazyamber.ttlus360.a:
    com.adsmogo.adview.AdsMogoLayout _adsMogoLayoutCode -> d
    android.widget.RelativeLayout _adLayout -> e
    android.app.Activity _activity -> a
    android.content.Context _context -> b
    com.crazyamber.ttlus360.AnalyzerAdapter _analyzer -> c
    com.crazyamber.core.SimpleCipher _c -> f
    java.lang.String _idmogoen -> g
    java.lang.String _idmogocn -> h
    java.lang.String _channel_id -> i
    com.crazyamber.ttlus360.ADAdapter$_ADConfig _config -> j
    void _rebuildAD() -> b
    void _destroyAD() -> c
    void _rebuildPush() -> d
    void onClickAd(java.lang.String) -> onClickAd
    void onCloseAd() -> onCloseAd
    void onCloseMogoDialog() -> onCloseMogoDialog
    void onFailedReceiveAd() -> onFailedReceiveAd
    void onRealClickAd() -> onRealClickAd
    void onReceiveAd(android.view.ViewGroup,java.lang.String) -> onReceiveAd
    void onRequestAd(java.lang.String) -> onRequestAd
    void _updateADConfig() -> e
    void setup(android.app.Activity,android.widget.RelativeLayout,com.crazyamber.ttlus360.AnalyzerAdapter) -> a
    void cleanup() -> a
    void update(int) -> a
com.crazyamber.ttlus360.ADAdapter$_ADConfig -> com.crazyamber.ttlus360.b:
    java.lang.String channel -> b
    java.lang.String idcn -> c
    java.lang.String iden -> d
    int nClickLimit -> e
    boolean bEnableADMenu -> f
    boolean bEnableADPlay -> g
    boolean bEnablePush -> h
    boolean bEnableAppDownload -> i
    boolean bDirty -> j
    com.crazyamber.ttlus360.ADAdapter this$0 -> a
    int _hashCode() -> b
    java.lang.String adid() -> c
    void setDirty(boolean) -> a
    boolean isDirty() -> a
    boolean parse(java.lang.String,java.lang.String) -> a
    java.lang.String access$1(com.crazyamber.ttlus360.ADAdapter$_ADConfig) -> a
    void access$2(com.crazyamber.ttlus360.ADAdapter$_ADConfig,boolean) -> a
    void access$3(com.crazyamber.ttlus360.ADAdapter$_ADConfig,boolean) -> b
    void access$4(com.crazyamber.ttlus360.ADAdapter$_ADConfig,boolean) -> c
    void access$5(com.crazyamber.ttlus360.ADAdapter$_ADConfig,boolean) -> d
    void access$6(com.crazyamber.ttlus360.ADAdapter$_ADConfig,java.lang.String) -> a
    void access$7(com.crazyamber.ttlus360.ADAdapter$_ADConfig,java.lang.String) -> b
    void access$8(com.crazyamber.ttlus360.ADAdapter$_ADConfig,java.lang.String) -> c
    boolean access$9(com.crazyamber.ttlus360.ADAdapter$_ADConfig) -> b
com.crazyamber.ttlus360.AnalyzerAdapter -> com.crazyamber.ttlus360.c:
    android.content.Context _context -> a
    void setup(android.content.Context) -> a
    void pause(android.content.Context) -> b
    void resume(android.content.Context) -> c
    void onEvent(android.content.Context,java.lang.String) -> a
    java.lang.String getConfigParams(java.lang.String) -> a
    android.content.Context access$0(com.crazyamber.ttlus360.AnalyzerAdapter) -> a
com.crazyamber.ttlus360.AnalyzerAdapter$1 -> com.crazyamber.ttlus360.d:
    com.crazyamber.ttlus360.AnalyzerAdapter this$0 -> a
    void onUpdateReturned(int,com.umeng.update.UpdateResponse) -> onUpdateReturned
com.crazyamber.ttlus360.AnalyzerAdapter$2 -> com.crazyamber.ttlus360.e:
    com.crazyamber.ttlus360.AnalyzerAdapter this$0 -> a
    void OnDownloadEnd(int) -> OnDownloadEnd
...
com.mobisage.android.G -> com.mobisage.android.h:
    android.os.Handler a -> a
    java.util.concurrent.ConcurrentHashMap b -> b
    void finalize() -> finalize
    boolean handleMessage(android.os.Message) -> handleMessage
    void a(int,com.mobisage.android.b) -> a
com.mobisage.android.H -> com.mobisage.android.i:
    com.mobisage.android.H a -> a
    java.util.concurrent.ConcurrentHashMap b -> b
    java.util.concurrent.ConcurrentHashMap c -> c
    java.util.concurrent.ConcurrentHashMap d -> d
    com.mobisage.android.H a() -> a
    void finalize() -> finalize
    void a(com.mobisage.android.MobiSageMessage) -> a
    void b(com.mobisage.android.MobiSageMessage) -> b
    void b() -> b
    boolean c() -> c
    boolean d() -> d
    void c(com.mobisage.android.MobiSageMessage) -> c
com.mobisage.android.I -> com.mobisage.android.j:
    byte[] a(int) -> a
    org.apache.http.client.methods.HttpRequestBase createHttpRequest() -> createHttpRequest
com.mobisage.android.IMobiSageAdViewListener -> com.mobisage.android.IMobiSageAdViewListener:
    void onMobiSageAdViewShow(java.lang.Object) -> onMobiSageAdViewShow
    void onMobiSageAdViewUpdate(java.lang.Object) -> onMobiSageAdViewUpdate
    void onMobiSageAdViewHide(java.lang.Object) -> onMobiSageAdViewHide
com.mobisage.android.IMobiSageMessage -> com.mobisage.android.IMobiSageMessage:
    org.apache.http.client.methods.HttpRequestBase createHttpRequest() -> createHttpRequest
    java.lang.Runnable createMessageRunnable() -> createMessageRunnable
com.mobisage.android.IMobiSageMessageCallback -> com.mobisage.android.IMobiSageMessageCallback:
    void onMobiSageMessageFinish(com.mobisage.android.MobiSageMessage) -> onMobiSageMessageFinish
com.mobisage.android.J -> com.mobisage.android.k:
    void run() -> run
com.mobisage.android.K -> com.mobisage.android.m:
    java.util.concurrent.LinkedBlockingQueue a -> a
    void finalize() -> finalize
com.mobisage.android.K$a -> com.mobisage.android.n:
    com.mobisage.android.K a -> a
    void onMobiSageMessageFinish(com.mobisage.android.MobiSageMessage) -> onMobiSageMessageFinish
com.mobisage.android.L -> com.mobisage.android.o:
    java.io.InputStream c -> c
    java.io.BufferedInputStream d -> d
    java.io.FileOutputStream e -> e
    void a() -> a
    void run() -> run
com.mobisage.android.M -> com.mobisage.android.p:
    android.view.animation.Animation a(int) -> a
    android.view.animation.Animation b(int) -> b
com.mobisage.android.MobiSageActivity -> com.mobisage.android.MobiSageActivity:
    com.mobisage.android.af a -> a
    android.app.Activity b -> b
    void onCreate(android.os.Bundle) -> onCreate
    boolean onCreateOptionsMenu(android.view.Menu) -> onCreateOptionsMenu
    boolean onOptionsItemSelected(android.view.MenuItem) -> onOptionsItemSelected
    android.app.Activity a(com.mobisage.android.MobiSageActivity) -> a
com.mobisage.android.MobiSageActivity$a -> com.mobisage.android.q:
    com.mobisage.android.MobiSageActivity a -> a
    void onProgressChanged(android.webkit.WebView,int) -> onProgressChanged
com.mobisage.android.MobiSageAdBanner -> com.mobisage.android.MobiSageAdBanner:
    int a -> a
    int b -> b
    int getAnimeType() -> getAnimeType
    void setAnimeType(int) -> setAnimeType
    void onLoadAdFinish() -> onLoadAdFinish
    void switchAdView() -> switchAdView
    void setAdRefreshInterval(java.lang.Integer) -> setAdRefreshInterval
    java.lang.Integer getAdRefreshInterval() -> getAdRefreshInterval
    void setCustomData(java.lang.String) -> setCustomData
    java.lang.String getCustomData() -> getCustomData
    void setKeyword(java.lang.String) -> setKeyword
    void setMobiSageAdViewListener(com.mobisage.android.IMobiSageAdViewListener) -> setMobiSageAdViewListener
    java.lang.String getKeyword() -> getKeyword