android360/proguard/usage.txt
com.crazyamber.ttlus360.ADAdapter:
    private static final java.lang.String TAG
    public static final int EVENT_Loaded
    public static final int EVENT_Prepare
    public static final int EVENT_Play
    49:63:public void prepare()
com.crazyamber.ttlus360.BuildConfig
com.crazyamber.ttlus360.R:
    10:10:public R()
...
com.adsmogo.adapters.AirAdAdapter$1:
    94:95:public void onAdBannerShown()
    99:101:public void onAdContentClose()
    105:107:public void onAdContentLoadFinished()
    111:113:public void onAdContentShow()
    118:127:public void onAdReceivedFailed(int)
    132:138:public void onAdReceived()
com.adsmogo.adapters.SuizongAPIAdapter$SuizongScreenManager:
    374:375:public void setAw(java.lang.String)
    382:383:public void setAh(java.lang.String)
com.adsmogo.adview.AdsMogoWebView$AdViewJsObj:
    793:803:public void setWinth(int)
com.adsmogo.util.AdsMogoRequestDomain$DomainList:
    private static final long serialVersionUID
com.crazyamber.core.Logger:
    public static final int NONE
    public static final int ERROR
    public static final int WARN
    public static final int INFO
    public static final int DEBUG
    public static final int VERBOSE
    18:18:public Logger()
    29:31:public static void addTarget(java.lang.String,com.crazyamber.core.Logger$ILoggerTarget)
    350:358:public static void w(java.lang.String,java.lang.String)
    362:370:public static void i(java.lang.String,java.lang.String)
    386:394:public static void v(java.lang.String,java.lang.String)
com.crazyamber.core.Settings:
    7:7:public Settings()
com.crazyamber.core.Threader
com.crazyamber.core.Utils:
    35:35:public Utils()
    46:51:public static boolean isSDCardAvailable()
    56:56:public static long currentTimeMillis()
    61:61:public static java.lang.Integer getAPILevel()
    115:122:public static java.lang.String map2String(java.util.HashMap)
    127:128:public static java.lang.String safeString(java.lang.String)
    133:133:public static java.lang.String boolean2str(boolean)
    138:152:public static java.lang.String readStringFromStream(java.io.InputStream)
    159:181:public static java.lang.String getIpAddress()
    269:270:public static android.telephony.TelephonyManager getTelephonyManager(android.content.Context)
    275:291:public static boolean isApplicationHasInstalled(android.content.Context,java.lang.String)
    354:366:public static int hashString2Integer(java.lang.String)
    372:395:public static java.lang.String replace(java.lang.String,java.lang.String,java.lang.String)
    403:412:public static void createShortcut(android.content.Context,java.lang.String,int,java.lang.Class)
    421:440:public static boolean hasShortCut(android.content.Context,java.lang.String)
    452:463:public static void sleep(long)
    467:489:public static void run(java.lang.String,java.lang.String)
    535:536:public static boolean fileExists(java.lang.String)
    596:605:public static int parseInt(java.lang.String)
    610:611:public static byte[] intToBytes(int)
com.mobisage.android.F:
    43:65:public final void impressiontrack(java.lang.String)
    68:87:public final void clickAd(java.lang.String)
    90:109:public final void onWebClickAd(java.lang.String)
    112:136:private void a(java.util.HashMap)
    255:296:private void b(java.util.HashMap)
    299:331:private void c(java.util.HashMap)
    26:26:static synthetic android.content.Context a(com.mobisage.android.F)
com.mobisage.android.F$1
com.mobisage.android.F$2
com.umeng.analytics.a:
    private static final java.lang.String c
com.umeng.analytics.b:
    private org.json.JSONArray a(org.json.JSONObject,org.json.JSONArray)